[2023-10-01 15:57:35] No settings files found: C:/Project/минда/fnp/fnp/config/settings.bin and C:/Project/минда/fnp/fnp/config/settings_backup.bin
[2023-10-01 15:57:36] Saving 2 values; 44 bytes
[2023-10-01 18:12:50] Loaded 2 values
[2023-10-01 18:12:50] Backed up config/settings.bin to config/settings_backup.bin (44 bytes)
[2023-10-01 18:12:51] Saving 2 values; 44 bytes
[2023-10-01 18:13:15] Saving 2 values; 44 bytes
[2023-10-01 18:13:15] Saving 3 values; 71 bytes
[2023-10-01 18:13:15] Saving 3 values; 71 bytes
[2023-10-01 18:13:51] Saving 8 values; 643 bytes
[2023-10-01 18:19:15] Loaded 8 values
[2023-10-01 18:19:15] Backed up config/settings.bin to config/settings_backup.bin (643 bytes)
[2023-10-01 18:19:16] Saving 8 values; 643 bytes
[2023-10-01 18:19:20] Saving 8 values; 643 bytes
[2023-10-01 18:19:20] Saving 8 values; 643 bytes
[2023-10-01 18:19:21] Saving 8 values; 643 bytes
[2023-10-05 22:37:57] Loaded 8 values
[2023-10-05 22:37:57] Backed up config/settings.bin to config/settings_backup.bin (643 bytes)
[2023-10-05 22:37:58] Saving 8 values; 643 bytes
[2023-10-08 19:23:53] Loaded 8 values
[2023-10-08 19:23:53] Backed up config/settings.bin to config/settings_backup.bin (643 bytes)
[2023-10-08 19:23:54] Saving 8 values; 643 bytes
[2023-10-08 19:24:02] Saving 8 values; 643 bytes
[2023-10-08 19:24:02] Saving 8 values; 643 bytes
[2023-10-08 19:24:02] Saving 8 values; 643 bytes
[2023-10-08 19:24:51] Loaded 8 values
[2023-10-08 19:24:51] Backed up config/settings.bin to config/settings_backup.bin (643 bytes)
[2023-10-08 19:24:52] Saving 8 values; 643 bytes
[2023-10-08 19:24:54] Saving 8 values; 643 bytes
[2023-10-08 19:24:54] Saving 8 values; 643 bytes
[2023-10-08 19:24:54] Saving 8 values; 643 bytes
[2023-10-08 19:26:47] Loaded 8 values
[2023-10-08 19:26:47] Backed up config/settings.bin to config/settings_backup.bin (643 bytes)
[2023-10-08 19:26:48] Saving 8 values; 643 bytes
[2023-10-08 19:26:50] Loaded 8 values
[2023-10-08 19:26:50] Backed up config/settings.bin to config/settings_backup.bin (643 bytes)
[2023-10-08 19:26:51] Saving 8 values; 643 bytes
[2023-10-08 19:26:54] Saving 8 values; 643 bytes
[2023-10-08 19:26:54] Saving 8 values; 643 bytes
[2023-10-08 19:26:55] Saving 8 values; 643 bytes
[2023-10-08 19:27:25] Loaded 8 values
[2023-10-08 19:27:25] Backed up config/settings.bin to config/settings_backup.bin (643 bytes)
[2023-10-08 19:27:26] Saving 8 values; 643 bytes
[2023-10-08 19:27:29] Saving 8 values; 643 bytes
[2023-10-08 19:27:29] Saving 8 values; 643 bytes
[2023-10-08 19:27:29] Saving 8 values; 643 bytes
[2023-10-08 19:28:26] Saving 8 values; 643 bytes
[2023-10-08 19:30:36] Loaded 8 values
[2023-10-08 19:30:36] Backed up config/settings.bin to config/settings_backup.bin (643 bytes)
[2023-10-08 19:30:38] Saving 8 values; 643 bytes
[2023-10-08 19:31:38] Saving 8 values; 643 bytes
[2023-10-08 19:32:26] Loaded 8 values
[2023-10-08 19:32:26] Backed up config/settings.bin to config/settings_backup.bin (643 bytes)
[2023-10-08 19:32:27] Saving 8 values; 643 bytes
[2023-10-08 19:33:26] Saving 8 values; 643 bytes
[2023-10-08 19:33:26] Saving 8 values; 643 bytes
[2023-10-08 19:33:27] Saving 8 values; 643 bytes
[2023-10-08 19:33:27] Saving 8 values; 643 bytes
[2023-10-08 19:40:33] Loaded 8 values
[2023-10-08 19:40:33] Backed up config/settings.bin to config/settings_backup.bin (643 bytes)
[2023-10-08 19:40:34] Saving 8 values; 643 bytes
[2023-10-08 19:40:39] Saving 8 values; 643 bytes
[2023-10-08 19:40:39] Saving 8 values; 643 bytes
[2023-10-08 19:40:39] Saving 8 values; 643 bytes
[2023-10-08 19:41:34] Saving 8 values; 643 bytes
[2023-10-08 19:42:24] Loaded 8 values
[2023-10-08 19:42:24] Backed up config/settings.bin to config/settings_backup.bin (643 bytes)
[2023-10-08 19:42:25] Saving 8 values; 643 bytes
[2023-10-08 19:42:28] Saving 8 values; 643 bytes
[2023-10-08 19:42:28] Saving 8 values; 643 bytes
[2023-10-08 19:42:29] Saving 8 values; 643 bytes
[2023-10-08 19:42:52] Loaded 8 values
[2023-10-08 19:42:52] Backed up config/settings.bin to config/settings_backup.bin (643 bytes)
[2023-10-08 19:42:53] Saving 8 values; 643 bytes
[2023-10-08 19:42:57] Saving 8 values; 643 bytes
[2023-10-08 19:42:57] Saving 8 values; 643 bytes
[2023-10-08 19:42:58] Saving 8 values; 643 bytes
[2023-10-08 19:43:40] Loaded 8 values
[2023-10-08 19:43:40] Backed up config/settings.bin to config/settings_backup.bin (643 bytes)
[2023-10-08 19:43:40] Saving 8 values; 643 bytes
[2023-10-08 19:43:47] Saving 8 values; 643 bytes
[2023-10-08 19:43:47] Saving 8 values; 643 bytes
[2023-10-08 19:43:47] Saving 8 values; 643 bytes
[2023-10-08 19:44:40] Saving 8 values; 643 bytes
[2023-10-08 19:45:40] Saving 8 values; 643 bytes
[2023-10-08 19:46:40] Saving 8 values; 643 bytes
[2023-10-08 19:47:40] Saving 8 values; 643 bytes
[2023-10-08 19:48:40] Saving 8 values; 643 bytes
[2023-10-08 19:49:31] Saving 8 values; 643 bytes
[2023-10-08 19:49:31] Saving 8 values; 643 bytes
[2023-10-08 19:49:31] Saving 8 values; 643 bytes
[2023-10-08 19:49:40] Saving 8 values; 643 bytes
[2023-10-08 19:50:40] Saving 8 values; 643 bytes
[2023-10-08 19:51:40] Saving 8 values; 643 bytes
[2023-10-08 19:52:54] Loaded 8 values
[2023-10-08 19:52:54] Backed up config/settings.bin to config/settings_backup.bin (643 bytes)
[2023-10-08 19:52:55] Saving 8 values; 643 bytes
[2023-10-08 19:52:58] Saving 8 values; 643 bytes
[2023-10-08 19:52:58] Saving 8 values; 643 bytes
[2023-10-08 19:52:58] Saving 8 values; 643 bytes
[2023-10-17 19:50:36] Loaded 8 values
[2023-10-17 19:50:36] Backed up config/settings.bin to config/settings_backup.bin (643 bytes)
[2023-10-17 19:50:37] Saving 8 values; 643 bytes
[2023-10-17 19:50:43] Loaded 8 values
[2023-10-17 19:50:43] Backed up config/settings.bin to config/settings_backup.bin (643 bytes)
[2023-10-17 19:50:44] Saving 8 values; 643 bytes
[2023-10-17 19:50:52] Saving 8 values; 643 bytes
[2023-10-17 19:50:52] Saving 8 values; 643 bytes
[2023-10-17 19:50:52] Saving 8 values; 643 bytes
[2023-10-17 19:52:01] Loaded 8 values
[2023-10-17 19:52:01] Backed up config/settings.bin to config/settings_backup.bin (643 bytes)
[2023-10-17 19:52:02] Saving 8 values; 643 bytes
[2023-10-17 19:52:10] Saving 8 values; 643 bytes
[2023-10-17 19:52:10] Saving 8 values; 643 bytes
[2023-10-17 19:52:10] Saving 8 values; 643 bytes
[2023-10-17 19:52:31] Saving 8 values; 643 bytes
[2023-10-17 19:52:39] Loaded 8 values
[2023-10-17 19:52:39] Backed up config/settings.bin to config/settings_backup.bin (643 bytes)
[2023-10-17 19:52:41] Saving 8 values; 643 bytes
[2023-10-17 19:53:12] Saving 8 values; 643 bytes
[2023-10-17 19:53:12] Saving 8 values; 643 bytes
[2023-10-17 19:53:13] Saving 8 values; 643 bytes
[2023-10-17 19:53:35] Loaded 8 values
[2023-10-17 19:53:35] Backed up config/settings.bin to config/settings_backup.bin (643 bytes)
[2023-10-17 19:54:08] Saving 8 values; 643 bytes
[2023-10-17 19:54:20] Loaded 8 values
[2023-10-17 19:54:20] Backed up config/settings.bin to config/settings_backup.bin (643 bytes)
[2023-10-17 19:54:36] Loaded 8 values
[2023-10-17 19:54:36] Backed up config/settings.bin to config/settings_backup.bin (643 bytes)
[2023-10-17 19:54:40] Saving 8 values; 643 bytes
[2023-10-17 19:55:06] Loaded 8 values
[2023-10-17 19:55:06] Backed up config/settings.bin to config/settings_backup.bin (643 bytes)
[2023-10-17 19:56:17] Loaded 8 values
[2023-10-17 19:56:17] Backed up config/settings.bin to config/settings_backup.bin (643 bytes)
[2023-10-17 19:56:26] Saving 8 values; 643 bytes
[2023-10-17 19:56:30] Saving 8 values; 643 bytes
[2023-10-17 19:56:30] Saving 8 values; 643 bytes
[2023-10-17 19:56:31] Saving 8 values; 643 bytes
[2023-10-17 22:24:14] Loaded 8 values
[2023-10-17 22:24:14] Backed up config/settings.bin to config/settings_backup.bin (643 bytes)
[2023-10-17 22:24:18] Loaded 8 values
[2023-10-17 22:24:18] Backed up config/settings.bin to config/settings_backup.bin (643 bytes)
[2023-10-17 22:24:19] Saving 8 values; 643 bytes
[2023-10-17 22:24:25] Saving 8 values; 643 bytes
[2023-10-17 22:24:25] Saving 8 values; 643 bytes
[2023-10-17 22:24:25] Saving 8 values; 643 bytes
[2023-10-17 22:27:14] Loaded 8 values
[2023-10-17 22:27:14] Backed up config/settings.bin to config/settings_backup.bin (643 bytes)
[2023-10-17 22:27:15] Saving 8 values; 643 bytes
[2023-10-17 22:27:18] Saving 8 values; 643 bytes
[2023-10-17 22:27:18] Saving 8 values; 643 bytes
[2023-10-17 22:27:19] Saving 8 values; 643 bytes
[2023-10-17 22:28:15] Saving 8 values; 643 bytes
[2023-10-17 22:29:15] Saving 8 values; 643 bytes
[2023-10-17 22:30:15] Saving 8 values; 643 bytes
[2023-10-17 22:31:15] Saving 8 values; 643 bytes
[2023-10-17 22:32:16] Loaded 8 values
[2023-10-17 22:32:16] Backed up config/settings.bin to config/settings_backup.bin (643 bytes)
[2023-10-17 22:32:17] Saving 8 values; 643 bytes
[2023-10-17 22:32:21] Saving 8 values; 643 bytes
[2023-10-17 22:32:21] Saving 8 values; 643 bytes
[2023-10-17 22:32:21] Saving 8 values; 643 bytes
[2023-10-17 22:32:47] Loaded 8 values
[2023-10-17 22:32:47] Backed up config/settings.bin to config/settings_backup.bin (643 bytes)
[2023-10-17 22:32:48] Saving 8 values; 643 bytes
[2023-10-17 22:32:50] Saving 8 values; 643 bytes
[2023-10-17 22:32:50] Saving 8 values; 643 bytes
[2023-10-17 22:32:50] Saving 8 values; 643 bytes
[2023-10-17 22:34:09] Loaded 8 values
[2023-10-17 22:34:09] Backed up config/settings.bin to config/settings_backup.bin (643 bytes)
[2023-10-17 22:34:13] Saving 8 values; 643 bytes
[2023-10-17 22:34:17] Saving 8 values; 643 bytes
[2023-10-17 22:34:17] Saving 8 values; 643 bytes
[2023-10-17 22:34:17] Saving 8 values; 643 bytes
[2023-10-17 22:34:23] Saving 8 values; 643 bytes
[2023-10-17 22:36:20] Loaded 8 values
[2023-10-17 22:36:20] Backed up config/settings.bin to config/settings_backup.bin (643 bytes)
[2023-10-17 22:36:21] Saving 8 values; 643 bytes
[2023-10-17 22:36:24] Saving 8 values; 643 bytes
[2023-10-17 22:36:24] Saving 8 values; 643 bytes
[2023-10-17 22:36:24] Saving 8 values; 643 bytes
[2023-10-17 22:36:34] Saving 8 values; 643 bytes
[2023-10-17 22:37:24] Loaded 8 values
[2023-10-17 22:37:24] Backed up config/settings.bin to config/settings_backup.bin (643 bytes)
[2023-10-17 22:37:25] Saving 8 values; 643 bytes
[2023-10-17 22:37:28] Saving 8 values; 643 bytes
[2023-10-17 22:37:28] Saving 8 values; 643 bytes
[2023-10-17 22:37:29] Saving 8 values; 643 bytes
[2023-10-17 22:42:37] Loaded 8 values
[2023-10-17 22:42:37] Backed up config/settings.bin to config/settings_backup.bin (643 bytes)
[2023-10-17 22:42:38] Saving 8 values; 643 bytes
[2023-10-17 22:42:41] Saving 8 values; 643 bytes
[2023-10-17 22:42:41] Saving 8 values; 643 bytes
[2023-10-17 22:42:42] Saving 8 values; 643 bytes
[2023-10-17 22:47:32] Loaded 8 values
[2023-10-17 22:47:32] Backed up config/settings.bin to config/settings_backup.bin (643 bytes)
[2023-10-17 22:47:33] Saving 8 values; 643 bytes
[2023-10-17 22:47:35] Saving 8 values; 643 bytes
[2023-10-17 22:47:35] Saving 8 values; 643 bytes
[2023-10-17 22:47:36] Saving 8 values; 643 bytes
[2023-10-17 22:48:33] Saving 8 values; 643 bytes
[2023-10-17 22:48:58] Loaded 8 values
[2023-10-17 22:48:58] Backed up config/settings.bin to config/settings_backup.bin (643 bytes)
[2023-10-17 22:48:59] Saving 8 values; 643 bytes
[2023-10-17 22:49:02] Saving 8 values; 643 bytes
[2023-10-17 22:49:02] Saving 8 values; 643 bytes
[2023-10-17 22:49:02] Saving 8 values; 643 bytes
[2023-10-17 22:49:08] Saving 8 values; 643 bytes
[2023-10-17 22:51:56] Loaded 8 values
[2023-10-17 22:51:56] Backed up config/settings.bin to config/settings_backup.bin (643 bytes)
[2023-10-17 22:51:57] Saving 8 values; 643 bytes
[2023-10-17 22:52:01] Saving 8 values; 643 bytes
[2023-10-17 22:52:01] Saving 8 values; 643 bytes
[2023-10-17 22:52:02] Saving 8 values; 643 bytes
[2023-10-17 22:52:07] Saving 8 values; 643 bytes
[2023-10-17 22:52:29] Loaded 8 values
[2023-10-17 22:52:29] Backed up config/settings.bin to config/settings_backup.bin (643 bytes)
[2023-10-17 22:52:32] Loaded 8 values
[2023-10-17 22:52:32] Backed up config/settings.bin to config/settings_backup.bin (643 bytes)
[2023-10-17 22:52:33] Saving 8 values; 643 bytes
[2023-10-17 22:52:35] Saving 8 values; 643 bytes
[2023-10-17 22:52:35] Saving 8 values; 643 bytes
[2023-10-17 22:52:36] Saving 8 values; 643 bytes
[2023-10-17 22:54:02] Saving 8 values; 643 bytes
[2023-10-17 22:54:31] Loaded 8 values
[2023-10-17 22:54:31] Backed up config/settings.bin to config/settings_backup.bin (643 bytes)
[2023-10-17 22:54:32] Saving 8 values; 643 bytes
[2023-10-17 22:54:35] Saving 8 values; 643 bytes
[2023-10-17 22:54:35] Saving 8 values; 643 bytes
[2023-10-17 22:54:36] Saving 8 values; 643 bytes
[2023-10-17 22:59:05] Saving 8 values; 643 bytes
[2023-10-17 22:59:54] Loaded 8 values
[2023-10-17 22:59:54] Backed up config/settings.bin to config/settings_backup.bin (643 bytes)
[2023-10-17 22:59:55] Saving 8 values; 643 bytes
[2023-10-17 23:00:03] Saving 8 values; 643 bytes
[2023-10-17 23:00:03] Saving 8 values; 643 bytes
[2023-10-17 23:00:03] Saving 8 values; 643 bytes
[2023-10-17 23:01:45] Loaded 8 values
[2023-10-17 23:01:45] Backed up config/settings.bin to config/settings_backup.bin (643 bytes)
[2023-10-17 23:01:46] Saving 8 values; 643 bytes
[2023-10-17 23:01:48] Saving 8 values; 643 bytes
[2023-10-17 23:01:48] Saving 8 values; 643 bytes
[2023-10-17 23:01:48] Saving 8 values; 643 bytes
[2023-10-17 23:03:48] Saving 8 values; 643 bytes
[2023-10-17 23:07:15] Loaded 8 values
[2023-10-17 23:07:15] Backed up config/settings.bin to config/settings_backup.bin (643 bytes)
[2023-10-17 23:07:16] Saving 8 values; 643 bytes
[2023-10-17 23:07:19] Saving 8 values; 643 bytes
[2023-10-17 23:07:19] Saving 8 values; 643 bytes
[2023-10-17 23:07:19] Saving 8 values; 643 bytes
[2023-10-17 23:07:49] Loaded 8 values
[2023-10-17 23:07:49] Backed up config/settings.bin to config/settings_backup.bin (643 bytes)
[2023-10-17 23:07:50] Saving 8 values; 643 bytes
[2023-10-17 23:07:53] Saving 8 values; 643 bytes
[2023-10-17 23:07:53] Saving 8 values; 643 bytes
[2023-10-17 23:07:54] Saving 8 values; 643 bytes
[2023-10-17 23:09:09] Loaded 8 values
[2023-10-17 23:09:09] Backed up config/settings.bin to config/settings_backup.bin (643 bytes)
[2023-10-17 23:09:10] Saving 8 values; 643 bytes
[2023-10-17 23:09:15] Saving 8 values; 643 bytes
[2023-10-17 23:09:15] Saving 8 values; 643 bytes
[2023-10-17 23:09:15] Saving 8 values; 643 bytes
[2023-10-17 23:13:55] Loaded 8 values
[2023-10-17 23:13:55] Backed up config/settings.bin to config/settings_backup.bin (643 bytes)
[2023-10-17 23:13:57] Saving 8 values; 643 bytes
[2023-10-17 23:14:02] Saving 8 values; 643 bytes
[2023-10-17 23:14:02] Saving 8 values; 643 bytes
[2023-10-17 23:14:02] Saving 8 values; 643 bytes
[2023-10-17 23:14:58] Loaded 8 values
[2023-10-17 23:14:58] Backed up config/settings.bin to config/settings_backup.bin (643 bytes)
[2023-10-17 23:14:59] Saving 8 values; 643 bytes
[2023-10-17 23:15:03] Saving 8 values; 643 bytes
[2023-10-17 23:15:03] Saving 8 values; 643 bytes
[2023-10-17 23:15:04] Saving 8 values; 643 bytes
[2023-10-17 23:15:59] Saving 8 values; 643 bytes
[2023-10-17 23:29:09] Loaded 8 values
[2023-10-17 23:29:09] Backed up config/settings.bin to config/settings_backup.bin (643 bytes)
[2023-10-17 23:29:10] Saving 8 values; 643 bytes
[2023-10-17 23:29:12] Saving 8 values; 643 bytes
[2023-10-17 23:29:12] Saving 8 values; 643 bytes
[2023-10-17 23:29:13] Saving 8 values; 643 bytes
[2023-10-21 17:54:42] Loaded 8 values
[2023-10-21 17:54:42] Backed up config/settings.bin to config/settings_backup.bin (643 bytes)
[2023-10-21 17:54:43] Saving 8 values; 643 bytes
[2023-10-21 17:55:03] Loaded 8 values
[2023-10-21 17:55:03] Backed up config/settings.bin to config/settings_backup.bin (643 bytes)
[2023-10-21 17:55:04] Saving 8 values; 643 bytes
[2023-10-21 17:56:29] Loaded 8 values
[2023-10-21 17:56:29] Backed up config/settings.bin to config/settings_backup.bin (643 bytes)
[2023-10-21 17:57:25] Loaded 8 values
[2023-10-21 17:57:25] Backed up config/settings.bin to config/settings_backup.bin (643 bytes)
[2023-10-21 17:57:26] Saving 8 values; 643 bytes
[2023-10-21 17:57:36] Loaded 8 values
[2023-10-21 17:57:36] Backed up config/settings.bin to config/settings_backup.bin (643 bytes)
[2023-10-21 18:00:00] Loaded 8 values
[2023-10-21 18:00:00] Backed up config/settings.bin to config/settings_backup.bin (643 bytes)
[2023-10-21 18:00:01] Saving 8 values; 643 bytes
[2023-10-21 18:00:03] Loaded 8 values
[2023-10-21 18:00:03] Backed up config/settings.bin to config/settings_backup.bin (643 bytes)
[2023-10-21 18:00:04] Saving 8 values; 643 bytes
[2023-10-21 18:00:07] Saving 8 values; 643 bytes
[2023-10-21 18:00:07] Saving 8 values; 643 bytes
[2023-10-21 18:00:08] Saving 8 values; 643 bytes
[2023-10-21 18:01:04] Saving 8 values; 643 bytes
[2023-10-21 18:02:04] Saving 8 values; 738 bytes
[2023-10-21 18:03:55] Loaded 8 values
[2023-10-21 18:03:55] Backed up config/settings.bin to config/settings_backup.bin (738 bytes)
[2023-10-21 18:03:56] Saving 8 values; 738 bytes
[2023-10-21 18:04:24] Loaded 8 values
[2023-10-21 18:04:24] Backed up config/settings.bin to config/settings_backup.bin (738 bytes)
[2023-10-21 18:04:25] Saving 8 values; 738 bytes
[2023-10-21 18:04:31] Loaded 8 values
[2023-10-21 18:04:31] Backed up config/settings.bin to config/settings_backup.bin (738 bytes)
[2023-10-21 18:04:32] Saving 8 values; 738 bytes
[2023-10-21 18:04:39] Loaded 8 values
[2023-10-21 18:04:39] Backed up config/settings.bin to config/settings_backup.bin (738 bytes)
[2023-10-21 18:04:40] Saving 8 values; 738 bytes
[2023-10-21 18:04:44] Loaded 8 values
[2023-10-21 18:04:44] Backed up config/settings.bin to config/settings_backup.bin (738 bytes)
[2023-10-21 18:04:45] Saving 8 values; 738 bytes
[2023-10-21 18:04:50] Saving 8 values; 738 bytes
[2023-10-21 18:04:50] Saving 8 values; 738 bytes
[2023-10-21 18:04:50] Saving 8 values; 738 bytes
[2023-10-21 18:04:58] Loaded 8 values
[2023-10-21 18:04:58] Backed up config/settings.bin to config/settings_backup.bin (738 bytes)
[2023-10-21 18:05:11] Loaded 8 values
[2023-10-21 18:05:11] Backed up config/settings.bin to config/settings_backup.bin (738 bytes)
[2023-10-21 18:05:20] Loaded 8 values
[2023-10-21 18:05:20] Backed up config/settings.bin to config/settings_backup.bin (738 bytes)
[2023-10-21 18:05:40] Loaded 8 values
[2023-10-21 18:05:40] Backed up config/settings.bin to config/settings_backup.bin (738 bytes)
[2023-10-21 18:05:41] Saving 8 values; 738 bytes
[2023-10-21 18:05:44] Saving 8 values; 738 bytes
[2023-10-21 18:05:44] Saving 8 values; 738 bytes
[2023-10-21 18:05:44] Saving 8 values; 738 bytes
[2023-10-21 18:06:41] Saving 8 values; 738 bytes
[2023-10-21 18:06:57] Loaded 8 values
[2023-10-21 18:06:57] Backed up config/settings.bin to config/settings_backup.bin (738 bytes)
[2023-10-21 18:06:58] Saving 8 values; 738 bytes
[2023-10-21 18:07:03] Saving 8 values; 738 bytes
[2023-10-21 18:07:03] Saving 8 values; 738 bytes
[2023-10-21 18:07:03] Saving 8 values; 738 bytes
[2023-10-21 18:07:58] Saving 8 values; 738 bytes
[2023-10-21 18:08:58] Saving 8 values; 738 bytes
[2023-10-21 18:09:58] Saving 8 values; 738 bytes
[2023-10-21 18:11:02] Loaded 8 values
[2023-10-21 18:11:02] Backed up config/settings.bin to config/settings_backup.bin (738 bytes)
[2023-10-21 18:11:03] Saving 8 values; 738 bytes
[2023-10-21 18:11:09] Saving 8 values; 738 bytes
[2023-10-21 18:11:09] Saving 8 values; 738 bytes
[2023-10-21 18:11:10] Saving 8 values; 738 bytes
[2023-10-21 18:12:03] Saving 8 values; 738 bytes
[2023-10-21 18:14:51] Saving 8 values; 738 bytes
[2023-10-21 18:14:51] Saving 8 values; 738 bytes
[2023-10-21 18:15:13] Loaded 8 values
[2023-10-21 18:15:13] Backed up config/settings.bin to config/settings_backup.bin (738 bytes)
[2023-10-21 18:15:14] Saving 8 values; 738 bytes
[2023-10-21 18:15:16] Saving 8 values; 738 bytes
[2023-10-21 18:15:16] Saving 8 values; 738 bytes
[2023-10-21 18:15:17] Saving 8 values; 738 bytes
[2023-10-21 18:16:14] Saving 8 values; 738 bytes
[2023-10-21 18:16:21] Loaded 8 values
[2023-10-21 18:16:21] Backed up config/settings.bin to config/settings_backup.bin (738 bytes)
[2023-10-21 18:16:22] Saving 8 values; 738 bytes
[2023-10-21 18:16:27] Saving 8 values; 738 bytes
[2023-10-21 18:16:27] Saving 8 values; 738 bytes
[2023-10-21 18:16:28] Saving 8 values; 738 bytes
[2023-10-21 18:17:20] Loaded 8 values
[2023-10-21 18:17:20] Backed up config/settings.bin to config/settings_backup.bin (738 bytes)
[2023-10-21 18:17:21] Saving 8 values; 738 bytes
[2023-10-21 18:17:23] Saving 8 values; 738 bytes
[2023-10-21 18:17:23] Saving 8 values; 738 bytes
[2023-10-21 18:17:23] Saving 8 values; 738 bytes
[2023-10-21 18:18:53] Loaded 8 values
[2023-10-21 18:18:53] Backed up config/settings.bin to config/settings_backup.bin (738 bytes)
[2023-10-21 18:18:54] Saving 8 values; 738 bytes
[2023-10-21 18:18:56] Saving 8 values; 738 bytes
[2023-10-21 18:18:56] Saving 8 values; 738 bytes
[2023-10-21 18:18:56] Saving 8 values; 738 bytes
[2023-10-21 18:20:29] Loaded 8 values
[2023-10-21 18:20:29] Backed up config/settings.bin to config/settings_backup.bin (738 bytes)
[2023-10-21 18:20:30] Saving 8 values; 738 bytes
[2023-10-21 18:20:36] Saving 8 values; 738 bytes
[2023-10-21 18:20:36] Saving 8 values; 738 bytes
[2023-10-21 18:20:36] Saving 8 values; 738 bytes
[2023-10-21 18:22:21] Saving 8 values; 738 bytes
[2023-10-21 18:22:50] Loaded 8 values
[2023-10-21 18:22:50] Backed up config/settings.bin to config/settings_backup.bin (738 bytes)
[2023-10-21 18:22:51] Saving 8 values; 738 bytes
[2023-10-21 18:22:54] Saving 8 values; 738 bytes
[2023-10-21 18:22:54] Saving 8 values; 738 bytes
[2023-10-21 18:22:54] Saving 8 values; 738 bytes
[2023-10-21 18:24:15] Loaded 8 values
[2023-10-21 18:24:15] Backed up config/settings.bin to config/settings_backup.bin (738 bytes)
[2023-10-21 18:24:16] Saving 8 values; 738 bytes
[2023-10-21 18:24:19] Saving 8 values; 738 bytes
[2023-10-21 18:24:19] Saving 8 values; 738 bytes
[2023-10-21 18:24:19] Saving 8 values; 738 bytes
[2023-10-21 18:24:52] Loaded 8 values
[2023-10-21 18:24:52] Backed up config/settings.bin to config/settings_backup.bin (738 bytes)
[2023-10-21 18:24:53] Saving 8 values; 738 bytes
[2023-10-21 18:24:54] Saving 8 values; 738 bytes
[2023-10-21 18:24:54] Saving 8 values; 738 bytes
[2023-10-21 18:24:55] Saving 8 values; 738 bytes
[2023-10-21 18:25:53] Saving 8 values; 738 bytes
[2023-10-21 18:26:03] Saving 8 values; 738 bytes
[2023-10-21 18:26:03] Saving 8 values; 738 bytes
[2023-10-21 18:26:04] Saving 8 values; 738 bytes
[2023-10-21 18:26:53] Saving 8 values; 738 bytes
[2023-10-21 18:35:44] Loaded 8 values
[2023-10-21 18:35:44] Backed up config/settings.bin to config/settings_backup.bin (738 bytes)
[2023-10-21 18:35:45] Saving 8 values; 738 bytes
[2023-10-21 18:35:49] Saving 8 values; 738 bytes
[2023-10-21 18:35:49] Saving 8 values; 738 bytes
[2023-10-21 18:35:49] Saving 8 values; 738 bytes
[2023-10-21 18:36:31] Saving 8 values; 738 bytes
[2023-10-21 18:36:31] Saving 8 values; 738 bytes
[2023-10-21 18:36:31] Saving 8 values; 738 bytes
[2023-10-21 18:36:45] Saving 8 values; 738 bytes
[2023-10-21 18:37:45] Saving 8 values; 738 bytes
[2023-10-21 18:38:45] Saving 8 values; 738 bytes
[2023-10-21 18:39:45] Saving 8 values; 738 bytes
[2023-10-21 18:40:18] Loaded 8 values
[2023-10-21 18:40:18] Backed up config/settings.bin to config/settings_backup.bin (738 bytes)
[2023-10-21 18:40:19] Saving 8 values; 738 bytes
[2023-10-21 18:40:30] Loaded 8 values
[2023-10-21 18:40:30] Backed up config/settings.bin to config/settings_backup.bin (738 bytes)
[2023-10-21 18:40:31] Saving 8 values; 738 bytes
[2023-10-21 18:40:34] Saving 8 values; 738 bytes
[2023-10-21 18:40:34] Saving 8 values; 738 bytes
[2023-10-21 18:40:34] Saving 8 values; 738 bytes
[2023-10-21 18:41:07] Saving 8 values; 738 bytes
[2023-10-21 18:41:07] Saving 8 values; 738 bytes
[2023-10-21 18:41:08] Saving 8 values; 738 bytes
[2023-10-21 18:45:54] Saving 8 values; 738 bytes
[2023-10-21 18:50:40] Loaded 8 values
[2023-10-21 18:50:40] Backed up config/settings.bin to config/settings_backup.bin (738 bytes)
[2023-10-21 18:50:41] Saving 8 values; 738 bytes
[2023-10-21 18:50:43] Saving 8 values; 738 bytes
[2023-10-21 18:50:43] Saving 8 values; 738 bytes
[2023-10-21 18:50:43] Saving 8 values; 738 bytes
[2023-10-25 16:52:34] Loaded 8 values
[2023-10-25 16:52:34] Backed up config/settings.bin to config/settings_backup.bin (738 bytes)
[2023-10-25 16:52:45] Saving 8 values; 738 bytes
[2023-11-01 18:22:09] Loaded 8 values
[2023-11-01 18:22:09] Backed up config/settings.bin to config/settings_backup.bin (738 bytes)
[2023-11-01 18:22:10] Saving 8 values; 738 bytes
[2023-11-01 18:22:19] Saving 8 values; 738 bytes
[2023-11-01 18:22:19] Saving 8 values; 738 bytes
[2023-11-01 18:22:19] Saving 8 values; 738 bytes
[2023-11-01 18:23:10] Loaded 8 values
[2023-11-01 18:23:10] Backed up config/settings.bin to config/settings_backup.bin (738 bytes)
[2023-11-01 18:23:11] Saving 8 values; 738 bytes
[2023-11-01 18:23:30] Saving 8 values; 738 bytes
[2023-11-01 18:23:30] Saving 8 values; 738 bytes
[2023-11-01 18:23:31] Saving 8 values; 738 bytes
[2023-11-01 18:24:11] Saving 8 values; 738 bytes
[2023-11-01 18:24:28] Loaded 8 values
[2023-11-01 18:24:28] Backed up config/settings.bin to config/settings_backup.bin (738 bytes)
[2023-11-01 18:24:29] Saving 8 values; 738 bytes
[2023-11-01 18:24:31] Saving 8 values; 738 bytes
[2023-11-01 18:24:31] Saving 8 values; 738 bytes
[2023-11-01 18:24:32] Saving 8 values; 738 bytes
[2023-11-01 18:25:29] Saving 8 values; 738 bytes
[2023-11-01 18:26:29] Saving 8 values; 738 bytes
[2023-11-01 18:27:29] Saving 8 values; 738 bytes
[2023-11-01 18:28:48] Saving 8 values; 738 bytes
[2023-11-01 18:29:08] Loaded 8 values
[2023-11-01 18:29:08] Backed up config/settings.bin to config/settings_backup.bin (738 bytes)
[2023-11-01 18:29:10] Saving 8 values; 738 bytes
[2023-11-01 18:29:12] Saving 8 values; 738 bytes
[2023-11-01 18:29:12] Saving 8 values; 738 bytes
[2023-11-01 18:29:12] Saving 8 values; 738 bytes
[2023-11-01 18:29:23] Loaded 8 values
[2023-11-01 18:29:23] Backed up config/settings.bin to config/settings_backup.bin (738 bytes)
[2023-11-01 18:29:24] Saving 8 values; 738 bytes
[2023-11-01 18:29:29] Saving 8 values; 738 bytes
[2023-11-01 18:29:29] Saving 8 values; 738 bytes
[2023-11-01 18:29:29] Saving 8 values; 738 bytes
[2023-11-01 18:30:24] Saving 8 values; 738 bytes
[2023-11-01 18:31:24] Saving 8 values; 738 bytes
[2023-11-01 18:32:24] Saving 8 values; 738 bytes
[2023-11-01 18:33:24] Saving 8 values; 738 bytes
[2023-11-01 18:34:24] Saving 8 values; 738 bytes
[2023-11-01 18:35:24] Loaded 8 values
[2023-11-01 18:35:24] Backed up config/settings.bin to config/settings_backup.bin (738 bytes)
[2023-11-01 18:35:29] Saving 8 values; 738 bytes
[2023-11-01 18:36:50] Loaded 8 values
[2023-11-01 18:36:50] Backed up config/settings.bin to config/settings_backup.bin (738 bytes)
[2023-11-01 18:36:51] Saving 8 values; 738 bytes
[2023-11-01 18:37:07] Saving 8 values; 738 bytes
[2023-11-01 18:37:07] Saving 8 values; 738 bytes
[2023-11-01 18:37:07] Saving 8 values; 738 bytes
[2023-11-01 18:38:25] Loaded 8 values
[2023-11-01 18:38:25] Backed up config/settings.bin to config/settings_backup.bin (738 bytes)
[2023-11-01 18:38:26] Saving 8 values; 738 bytes
[2023-11-01 18:38:30] Saving 8 values; 738 bytes
[2023-11-01 18:38:30] Saving 8 values; 738 bytes
[2023-11-01 18:38:30] Saving 8 values; 738 bytes
[2023-11-04 15:48:17] Loaded 8 values
[2023-11-04 15:48:17] Backed up config/settings.bin to config/settings_backup.bin (738 bytes)
[2023-11-04 15:48:19] Saving 8 values; 738 bytes
[2023-11-04 15:48:26] Saving 8 values; 738 bytes
[2023-11-04 15:48:26] Saving 8 values; 738 bytes
[2023-11-04 15:48:27] Saving 8 values; 738 bytes
[2023-11-04 15:48:46] Loaded 8 values
[2023-11-04 15:48:46] Backed up config/settings.bin to config/settings_backup.bin (738 bytes)
[2023-11-04 15:48:48] Saving 8 values; 738 bytes
[2023-11-04 15:49:01] Saving 8 values; 738 bytes
[2023-11-04 15:49:01] Saving 8 values; 738 bytes
[2023-11-04 15:49:02] Saving 8 values; 738 bytes
[2023-11-04 15:49:15] Loaded 8 values
[2023-11-04 15:49:15] Backed up config/settings.bin to config/settings_backup.bin (738 bytes)
[2023-11-04 15:49:17] Saving 8 values; 738 bytes
[2023-11-04 15:49:19] Saving 8 values; 738 bytes
[2023-11-04 15:49:19] Saving 8 values; 738 bytes
[2023-11-04 15:49:19] Saving 8 values; 738 bytes
[2023-11-04 15:50:17] Saving 8 values; 738 bytes
[2023-11-11 13:14:08] Loaded 8 values
[2023-11-11 13:14:08] Backed up config/settings.bin to config/settings_backup.bin (738 bytes)
[2023-11-11 13:14:09] Saving 8 values; 738 bytes
[2023-11-11 13:14:27] Saving 8 values; 738 bytes
[2023-11-11 13:14:27] Saving 8 values; 738 bytes
[2023-11-11 13:14:28] Saving 8 values; 738 bytes
[2023-11-11 13:15:09] Saving 8 values; 738 bytes
[2023-11-11 13:16:01] Loaded 8 values
[2023-11-11 13:16:01] Backed up config/settings.bin to config/settings_backup.bin (738 bytes)
[2023-11-11 13:16:02] Saving 8 values; 738 bytes
[2023-11-11 13:16:04] Saving 8 values; 738 bytes
[2023-11-11 13:16:04] Saving 8 values; 738 bytes
[2023-11-11 13:16:04] Saving 8 values; 738 bytes
[2023-11-11 21:19:42] Loaded 8 values
[2023-11-11 21:19:42] Backed up config/settings.bin to config/settings_backup.bin (738 bytes)
[2023-11-11 21:19:43] Saving 8 values; 738 bytes
[2023-11-11 21:19:48] Saving 8 values; 738 bytes
[2023-11-11 21:19:48] Saving 8 values; 738 bytes
[2023-11-11 21:19:48] Saving 8 values; 738 bytes
[2023-11-11 21:20:43] Saving 8 values; 738 bytes
[2023-11-11 21:21:43] Saving 8 values; 738 bytes
[2023-11-11 21:22:43] Saving 8 values; 738 bytes
[2023-11-11 21:23:43] Saving 8 values; 738 bytes
[2023-11-11 21:24:43] Saving 8 values; 738 bytes
[2023-11-11 21:25:59] Loaded 8 values
[2023-11-11 21:25:59] Backed up config/settings.bin to config/settings_backup.bin (738 bytes)
[2023-11-11 21:26:00] Saving 8 values; 738 bytes
[2023-11-11 21:26:05] Saving 8 values; 738 bytes
[2023-11-11 21:26:05] Saving 8 values; 738 bytes
[2023-11-11 21:26:06] Saving 8 values; 738 bytes
[2023-11-11 21:27:00] Saving 8 values; 738 bytes
[2023-11-11 21:28:00] Saving 8 values; 738 bytes
[2023-11-11 21:29:00] Saving 8 values; 738 bytes
[2023-11-11 21:30:00] Saving 8 values; 738 bytes
[2023-11-11 21:31:01] Loaded 8 values
[2023-11-11 21:31:01] Backed up config/settings.bin to config/settings_backup.bin (738 bytes)
[2023-11-11 21:31:02] Saving 8 values; 738 bytes
[2023-11-11 21:31:05] Saving 8 values; 738 bytes
[2023-11-11 21:31:05] Saving 8 values; 738 bytes
[2023-11-11 21:31:06] Saving 8 values; 738 bytes
[2023-11-11 21:32:02] Saving 8 values; 738 bytes
[2023-11-11 21:49:19] Loaded 8 values
[2023-11-11 21:49:19] Backed up config/settings.bin to config/settings_backup.bin (738 bytes)
[2023-11-11 21:49:20] Saving 8 values; 738 bytes
[2023-11-11 21:49:21] Saving 8 values; 738 bytes
[2023-11-11 21:49:21] Saving 8 values; 738 bytes
[2023-11-11 21:49:22] Saving 8 values; 738 bytes
[2023-11-11 21:50:20] Saving 8 values; 738 bytes
[2023-11-11 21:51:20] Saving 8 values; 738 bytes
[2023-11-11 21:52:20] Saving 8 values; 738 bytes
[2023-11-11 21:53:07] Loaded 8 values
[2023-11-11 21:53:07] Backed up config/settings.bin to config/settings_backup.bin (738 bytes)
[2023-11-11 21:53:08] Saving 8 values; 738 bytes
[2023-11-11 21:55:20] Loaded 8 values
[2023-11-11 21:55:20] Backed up config/settings.bin to config/settings_backup.bin (738 bytes)
[2023-11-11 21:55:21] Saving 8 values; 738 bytes
[2023-11-11 21:55:28] Saving 8 values; 738 bytes
[2023-11-11 21:55:28] Saving 8 values; 738 bytes
[2023-11-11 21:55:28] Saving 8 values; 738 bytes
[2023-11-11 21:56:21] Saving 8 values; 738 bytes
[2023-11-11 21:57:21] Saving 8 values; 738 bytes
[2023-11-11 21:58:21] Saving 8 values; 738 bytes
[2023-11-11 21:59:21] Saving 8 values; 738 bytes
[2023-11-11 22:01:37] Loaded 8 values
[2023-11-11 22:01:37] Backed up config/settings.bin to config/settings_backup.bin (738 bytes)
[2023-11-11 22:01:38] Saving 8 values; 738 bytes
[2023-11-11 22:01:46] Saving 8 values; 738 bytes
[2023-11-11 22:01:46] Saving 8 values; 738 bytes
[2023-11-11 22:01:46] Saving 8 values; 738 bytes
[2023-11-11 22:03:36] Loaded 8 values
[2023-11-11 22:03:36] Backed up config/settings.bin to config/settings_backup.bin (738 bytes)
[2023-11-11 22:03:37] Saving 8 values; 738 bytes
[2023-11-11 22:03:43] Saving 8 values; 738 bytes
[2023-11-11 22:03:43] Saving 8 values; 738 bytes
[2023-11-11 22:03:43] Saving 8 values; 738 bytes
[2023-11-11 22:04:37] Saving 8 values; 738 bytes
[2023-11-11 22:06:46] Loaded 8 values
[2023-11-11 22:06:46] Backed up config/settings.bin to config/settings_backup.bin (738 bytes)
[2023-11-11 22:06:47] Saving 8 values; 738 bytes
[2023-11-11 22:06:50] Saving 8 values; 738 bytes
[2023-11-11 22:06:50] Saving 8 values; 738 bytes
[2023-11-11 22:06:50] Saving 8 values; 738 bytes
[2023-11-11 22:07:01] Loaded 8 values
[2023-11-11 22:07:01] Backed up config/settings.bin to config/settings_backup.bin (738 bytes)
[2023-11-11 22:07:02] Saving 8 values; 738 bytes
[2023-11-11 22:07:06] Saving 8 values; 738 bytes
[2023-11-11 22:07:07] Saving 8 values; 738 bytes
[2023-11-11 22:07:07] Saving 8 values; 738 bytes
[2023-11-11 22:09:46] Loaded 8 values
[2023-11-11 22:09:46] Backed up config/settings.bin to config/settings_backup.bin (738 bytes)
[2023-11-11 22:09:47] Saving 8 values; 738 bytes
[2023-11-11 22:09:49] Saving 8 values; 738 bytes
[2023-11-11 22:09:49] Saving 8 values; 738 bytes
[2023-11-11 22:09:49] Saving 8 values; 738 bytes
[2023-11-11 22:10:47] Saving 8 values; 738 bytes
[2023-11-11 22:13:21] Loaded 8 values
[2023-11-11 22:13:21] Backed up config/settings.bin to config/settings_backup.bin (738 bytes)
[2023-11-11 22:13:22] Saving 8 values; 738 bytes
[2023-11-11 22:13:27] Saving 8 values; 738 bytes
[2023-11-11 22:13:27] Saving 8 values; 738 bytes
[2023-11-11 22:13:28] Saving 8 values; 738 bytes
[2023-11-11 22:14:15] Loaded 8 values
[2023-11-11 22:14:15] Backed up config/settings.bin to config/settings_backup.bin (738 bytes)
[2023-11-11 22:14:16] Saving 8 values; 738 bytes
[2023-11-11 22:14:18] Saving 8 values; 738 bytes
[2023-11-11 22:14:18] Saving 8 values; 738 bytes
[2023-11-11 22:14:18] Saving 8 values; 738 bytes
[2023-11-11 22:14:52] Loaded 8 values
[2023-11-11 22:14:52] Backed up config/settings.bin to config/settings_backup.bin (738 bytes)
[2023-11-11 22:14:53] Saving 8 values; 738 bytes
[2023-11-11 22:14:55] Saving 8 values; 738 bytes
[2023-11-11 22:14:55] Saving 8 values; 738 bytes
[2023-11-11 22:14:56] Saving 8 values; 738 bytes
[2023-11-11 22:15:23] Loaded 8 values
[2023-11-11 22:15:23] Backed up config/settings.bin to config/settings_backup.bin (738 bytes)
[2023-11-11 22:15:25] Saving 8 values; 738 bytes
[2023-11-11 22:15:32] Saving 8 values; 738 bytes
[2023-11-11 22:15:32] Saving 8 values; 738 bytes
[2023-11-11 22:15:32] Saving 8 values; 738 bytes
[2023-11-11 22:16:07] Loaded 8 values
[2023-11-11 22:16:07] Backed up config/settings.bin to config/settings_backup.bin (738 bytes)
[2023-11-11 22:16:08] Saving 8 values; 738 bytes
[2023-11-11 22:16:10] Saving 8 values; 738 bytes
[2023-11-11 22:16:10] Saving 8 values; 738 bytes
[2023-11-11 22:16:10] Saving 8 values; 738 bytes
[2023-11-11 22:16:34] Loaded 8 values
[2023-11-11 22:16:34] Backed up config/settings.bin to config/settings_backup.bin (738 bytes)
[2023-11-11 22:16:40] Loaded 8 values
[2023-11-11 22:16:40] Backed up config/settings.bin to config/settings_backup.bin (738 bytes)
[2023-11-11 22:16:41] Saving 8 values; 738 bytes
[2023-11-11 22:16:43] Saving 8 values; 738 bytes
[2023-11-11 22:16:43] Saving 8 values; 738 bytes
[2023-11-11 22:16:44] Saving 8 values; 738 bytes
[2023-11-11 22:17:13] Loaded 8 values
[2023-11-11 22:17:13] Backed up config/settings.bin to config/settings_backup.bin (738 bytes)
[2023-11-11 22:17:14] Saving 8 values; 738 bytes
[2023-11-11 22:17:18] Saving 8 values; 738 bytes
[2023-11-11 22:17:18] Saving 8 values; 738 bytes
[2023-11-11 22:17:18] Saving 8 values; 738 bytes
[2023-11-11 22:18:41] Loaded 8 values
[2023-11-11 22:18:41] Backed up config/settings.bin to config/settings_backup.bin (738 bytes)
[2023-11-11 22:18:42] Saving 8 values; 738 bytes
[2023-11-11 22:18:44] Saving 8 values; 738 bytes
[2023-11-11 22:18:44] Saving 8 values; 738 bytes
[2023-11-11 22:18:45] Saving 8 values; 738 bytes
[2023-11-11 22:19:03] Loaded 8 values
[2023-11-11 22:19:03] Backed up config/settings.bin to config/settings_backup.bin (738 bytes)
[2023-11-11 22:19:04] Saving 8 values; 738 bytes
[2023-11-11 22:19:08] Saving 8 values; 738 bytes
[2023-11-11 22:19:08] Saving 8 values; 738 bytes
[2023-11-11 22:19:08] Saving 8 values; 738 bytes
[2023-11-11 22:19:48] Loaded 8 values
[2023-11-11 22:19:48] Backed up config/settings.bin to config/settings_backup.bin (738 bytes)
[2023-11-11 22:19:49] Saving 8 values; 738 bytes
[2023-11-11 22:19:52] Saving 8 values; 738 bytes
[2023-11-11 22:19:52] Saving 8 values; 738 bytes
[2023-11-11 22:19:53] Saving 8 values; 738 bytes
[2023-11-11 22:20:31] Loaded 8 values
[2023-11-11 22:20:31] Backed up config/settings.bin to config/settings_backup.bin (738 bytes)
[2023-11-11 22:20:32] Saving 8 values; 738 bytes
[2023-11-11 22:20:33] Saving 8 values; 738 bytes
[2023-11-11 22:20:33] Saving 8 values; 738 bytes
[2023-11-11 22:20:34] Saving 8 values; 738 bytes
[2023-11-11 22:20:58] Loaded 8 values
[2023-11-11 22:20:58] Backed up config/settings.bin to config/settings_backup.bin (738 bytes)
[2023-11-11 22:20:59] Saving 8 values; 738 bytes
[2023-11-11 22:21:07] Loaded 8 values
[2023-11-11 22:21:07] Backed up config/settings.bin to config/settings_backup.bin (738 bytes)
[2023-11-11 22:21:08] Saving 8 values; 738 bytes
[2023-11-11 22:21:13] Saving 8 values; 738 bytes
[2023-11-11 22:21:13] Saving 8 values; 738 bytes
[2023-11-11 22:21:13] Saving 8 values; 738 bytes
[2023-11-11 22:22:15] Saving 8 values; 738 bytes
[2023-11-11 22:23:15] Saving 8 values; 738 bytes
[2023-11-11 22:24:05] Loaded 8 values
[2023-11-11 22:24:05] Backed up config/settings.bin to config/settings_backup.bin (738 bytes)
[2023-11-11 22:24:06] Saving 8 values; 738 bytes
[2023-11-11 22:24:09] Saving 8 values; 738 bytes
[2023-11-11 22:24:09] Saving 8 values; 738 bytes
[2023-11-11 22:24:09] Saving 8 values; 738 bytes
[2023-11-11 22:25:06] Saving 8 values; 738 bytes
[2023-11-11 22:26:06] Saving 8 values; 738 bytes
[2023-11-11 22:27:06] Saving 8 values; 738 bytes
[2023-11-11 22:28:06] Saving 8 values; 738 bytes
[2023-11-11 22:29:06] Saving 8 values; 738 bytes
[2023-11-11 22:30:06] Saving 8 values; 738 bytes
[2023-11-11 22:30:18] Saving 8 values; 738 bytes
[2023-11-11 22:30:18] Saving 8 values; 738 bytes
[2023-11-11 22:30:19] Saving 8 values; 738 bytes
[2023-11-11 22:32:42] Loaded 8 values
[2023-11-11 22:32:42] Backed up config/settings.bin to config/settings_backup.bin (738 bytes)
[2023-11-11 22:32:48] Saving 8 values; 738 bytes
[2023-11-11 22:33:02] Saving 8 values; 738 bytes
[2023-11-11 22:33:02] Saving 8 values; 738 bytes
[2023-11-11 22:33:03] Saving 8 values; 738 bytes
[2023-11-11 22:34:17] Saving 8 values; 738 bytes
[2023-11-11 22:34:27] Loaded 8 values
[2023-11-11 22:34:27] Backed up config/settings.bin to config/settings_backup.bin (738 bytes)
[2023-11-11 22:34:28] Saving 8 values; 738 bytes
[2023-11-11 22:34:32] Saving 8 values; 738 bytes
[2023-11-11 22:34:33] Saving 8 values; 738 bytes
[2023-11-11 22:34:33] Saving 8 values; 738 bytes
[2023-11-23 20:24:11] Loaded 8 values
[2023-11-23 20:24:11] Backed up config/settings.bin to config/settings_backup.bin (738 bytes)
[2023-11-23 20:24:12] Saving 8 values; 738 bytes
[2023-11-23 20:24:17] Saving 8 values; 738 bytes
[2023-11-23 20:24:17] Saving 8 values; 738 bytes
[2023-11-23 20:24:17] Saving 8 values; 738 bytes
[2023-11-23 20:25:12] Saving 8 values; 738 bytes
[2023-11-23 20:25:20] Loaded 8 values
[2023-11-23 20:25:20] Backed up config/settings.bin to config/settings_backup.bin (738 bytes)
[2023-11-23 20:25:51] Saving 8 values; 738 bytes
[2023-11-27 23:33:50] Loaded 8 values
[2023-11-27 23:33:50] Backed up config/settings.bin to config/settings_backup.bin (738 bytes)
[2023-11-27 23:33:51] Saving 8 values; 738 bytes
[2023-11-27 23:33:58] Saving 8 values; 738 bytes
[2023-11-27 23:33:58] Saving 8 values; 738 bytes
[2023-11-27 23:33:58] Saving 8 values; 738 bytes
[2023-11-27 23:34:51] Saving 8 values; 738 bytes
[2023-11-27 23:35:51] Saving 8 values; 738 bytes
[2023-11-27 23:36:51] Saving 8 values; 738 bytes
[2023-11-27 23:37:51] Saving 8 values; 738 bytes
[2023-12-01 16:41:23] Loaded 8 values
[2023-12-01 16:41:23] Backed up config/settings.bin to config/settings_backup.bin (738 bytes)
[2023-12-01 16:41:24] Saving 8 values; 738 bytes
[2023-12-01 16:42:24] Saving 8 values; 738 bytes
[2023-12-01 16:43:24] Saving 8 values; 738 bytes
[2023-12-01 16:43:31] Loaded 8 values
[2023-12-01 16:43:31] Backed up config/settings.bin to config/settings_backup.bin (738 bytes)
[2023-12-01 16:43:32] Saving 8 values; 738 bytes
[2023-12-01 16:43:58] Saving 8 values; 738 bytes
[2023-12-01 16:43:58] Saving 8 values; 738 bytes
[2023-12-01 16:43:59] Saving 8 values; 738 bytes
[2023-12-01 16:45:35] Saving 8 values; 738 bytes
[2023-12-01 16:46:09] Saving 8 values; 738 bytes
[2023-12-01 16:47:07] Loaded 8 values
[2023-12-01 16:47:07] Backed up config/settings.bin to config/settings_backup.bin (738 bytes)
[2023-12-01 16:47:08] Saving 8 values; 738 bytes
[2023-12-01 16:47:12] Saving 8 values; 738 bytes
[2023-12-01 16:47:12] Saving 8 values; 738 bytes
[2023-12-01 16:47:12] Saving 8 values; 738 bytes
